Library/Bee/Android/Prj/Mono2x/Gradle/unityLibrary/build/intermediates/manifest_merge_blame_file/release/manifest-merger-blame-release-report.txt
1<?xml version="1.0" encoding="utf-8"?>
2<manifest xmlns:android="http://schemas.android.com/apk/res/android"
3    xmlns:tools="http://schemas.android.com/tools"
4    package="com.unity3d.player"
5    android:versionCode="1"
6    android:versionName="1.0.2" >
7
8    <uses-sdk
9        android:minSdkVersion="22"
9-->src/main/AndroidManifest.xml
10        android:targetSdkVersion="30" />
10-->src/main/AndroidManifest.xml
11
12    <uses-feature android:glEsVersion="0x00030000" />
12-->src/main/AndroidManifest.xml:24:3-52
12-->src/main/AndroidManifest.xml:24:17-49
13    <uses-feature
13-->src/main/AndroidManifest.xml:25:3-91
14        android:name="android.hardware.vulkan.version"
14-->src/main/AndroidManifest.xml:25:17-63
15        android:required="false" />
15-->src/main/AndroidManifest.xml:25:64-88
16
17    <uses-permission android:name="android.permission.INTERNET" />
17-->src/main/AndroidManifest.xml:26:3-65
17-->src/main/AndroidManifest.xml:26:20-62
18    <uses-permission android:name="android.permission.VIBRATE" />
18-->src/main/AndroidManifest.xml:27:3-64
18-->src/main/AndroidManifest.xml:27:20-61
19    <uses-permission android:name="android.permission.ACCESS_NETWORK_STATE" />
19-->src/main/AndroidManifest.xml:28:3-77
19-->src/main/AndroidManifest.xml:28:20-74
20
21    <uses-feature
21-->src/main/AndroidManifest.xml:29:3-88
22        android:name="android.hardware.touchscreen"
22-->src/main/AndroidManifest.xml:29:17-60
23        android:required="false" />
23-->src/main/AndroidManifest.xml:29:61-85
24    <uses-feature
24-->src/main/AndroidManifest.xml:30:3-99
25        android:name="android.hardware.touchscreen.multitouch"
25-->src/main/AndroidManifest.xml:30:17-71
26        android:required="false" />
26-->src/main/AndroidManifest.xml:30:72-96
27    <uses-feature
27-->src/main/AndroidManifest.xml:31:3-108
28        android:name="android.hardware.touchscreen.multitouch.distinct"
28-->src/main/AndroidManifest.xml:31:17-80
29        android:required="false" />
29-->src/main/AndroidManifest.xml:31:81-105
30
31    <application android:extractNativeLibs="true" >
31-->src/main/AndroidManifest.xml:3:3-23:17
31-->src/main/AndroidManifest.xml:3:16-48
32        <activity
32-->src/main/AndroidManifest.xml:4:5-11:16
33            android:name="com.unity3d.player.UnityPlayerActivity"
33-->src/main/AndroidManifest.xml:4:15-68
34            android:configChanges="mcc|mnc|locale|touchscreen|keyboard|keyboardHidden|navigation|orientation|screenLayout|uiMode|screenSize|smallestScreenSize|fontScale|layoutDirection|density"
34-->src/main/AndroidManifest.xml:4:182-363
35            android:hardwareAccelerated="false"
35-->src/main/AndroidManifest.xml:4:399-434
36            android:launchMode="singleTask"
36-->src/main/AndroidManifest.xml:4:150-181
37            android:resizeableActivity="false"
37-->src/main/AndroidManifest.xml:4:364-398
38            android:screenOrientation="fullSensor"
38-->src/main/AndroidManifest.xml:4:111-149
39            android:theme="@style/UnityThemeSelector" >
39-->src/main/AndroidManifest.xml:4:69-110
40            <intent-filter>
40-->src/main/AndroidManifest.xml:5:7-8:23
41                <action android:name="android.intent.action.MAIN" />
41-->src/main/AndroidManifest.xml:6:9-61
41-->src/main/AndroidManifest.xml:6:17-58
42
43                <category android:name="android.intent.category.LAUNCHER" />
43-->src/main/AndroidManifest.xml:7:9-69
43-->src/main/AndroidManifest.xml:7:19-66
44            </intent-filter>
45
46            <meta-data
46-->src/main/AndroidManifest.xml:9:7-82
47                android:name="unityplayer.UnityActivity"
47-->src/main/AndroidManifest.xml:9:18-58
48                android:value="true" />
48-->src/main/AndroidManifest.xml:9:59-79
49            <meta-data
49-->src/main/AndroidManifest.xml:10:7-78
50                android:name="android.notch_support"
50-->src/main/AndroidManifest.xml:10:18-54
51                android:value="true" />
51-->src/main/AndroidManifest.xml:10:55-75
52        </activity>
53
54        <meta-data
54-->src/main/AndroidManifest.xml:12:5-69
55            android:name="unity.splash-mode"
55-->src/main/AndroidManifest.xml:12:16-48
56            android:value="0" />
56-->src/main/AndroidManifest.xml:12:49-66
57        <meta-data
57-->src/main/AndroidManifest.xml:13:5-74
58            android:name="unity.splash-enable"
58-->src/main/AndroidManifest.xml:13:16-50
59            android:value="True" />
59-->src/main/AndroidManifest.xml:13:51-71
60        <meta-data
60-->src/main/AndroidManifest.xml:14:5-78
61            android:name="unity.launch-fullscreen"
61-->src/main/AndroidManifest.xml:14:16-54
62            android:value="True" />
62-->src/main/AndroidManifest.xml:14:55-75
63        <meta-data
63-->src/main/AndroidManifest.xml:15:5-84
64            android:name="unity.allow-resizable-window"
64-->src/main/AndroidManifest.xml:15:16-59
65            android:value="False" />
65-->src/main/AndroidManifest.xml:15:60-81
66        <meta-data
66-->src/main/AndroidManifest.xml:16:5-81
67            android:name="notch.config"
67-->src/main/AndroidManifest.xml:16:16-43
68            android:value="portrait|landscape" />
68-->src/main/AndroidManifest.xml:16:44-78
69
70        <receiver
70-->src/main/AndroidManifest.xml:17:5-113
71            android:name="com.unity.androidnotifications.UnityNotificationManager"
71-->src/main/AndroidManifest.xml:17:15-85
72            android:exported="false" />
72-->src/main/AndroidManifest.xml:17:86-110
73        <receiver
73-->src/main/AndroidManifest.xml:18:5-22:16
74            android:name="com.unity.androidnotifications.UnityNotificationRestartOnBootReceiver"
74-->src/main/AndroidManifest.xml:18:15-99
75            android:enabled="false"
75-->src/main/AndroidManifest.xml:18:100-123
76            android:exported="false" >
76-->src/main/AndroidManifest.xml:18:124-148
77            <intent-filter>
77-->src/main/AndroidManifest.xml:19:7-21:23
78                <action android:name="android.intent.action.BOOT_COMPLETED" />
78-->src/main/AndroidManifest.xml:20:9-71
78-->src/main/AndroidManifest.xml:20:17-68
79            </intent-filter>
80        </receiver>
81    </application>
82
83</manifest>